<?xml version="1.0" encoding="UTF-8"?>
<testsuite xmlns:xsi="http://www.w3.org/2001/XMLSchema-instance" xsi:noNamespaceSchemaLocation="https://maven.apache.org/surefire/maven-surefire-plugin/xsd/surefire-test-report-3.0.xsd" version="3.0" name="TestSuite" time="31.834" tests="3" errors="0" skipped="0" failures="0">
  <properties>
[...]
</properties>
  <testcase name="runScenario[&quot;Navigate home page&quot;, &quot;Optional[Booking tickets through FlyAway]&quot;](1)" classname="com.runner.TestRunner" time="14.653">
    <system-out><![CDATA[user has opened Application
user opens Home page
user should be navigated to home page
]]></system-out>
    <system-err><![CDATA[SLF4J: Failed to load class "org.slf4j.impl.StaticLoggerBinder".
SLF4J: Defaulting to no-operation (NOP) logger implementation
SLF4J: See http://www.slf4j.org/codes.html#StaticLoggerBinder for further details.
Starting ChromeDriver 96.0.4664.45 (76e4c1bb2ab4671b8beba3444e61c0f17584b2fc-refs/branch-heads/4664@{#947}) on port 61968
Only local connections are allowed.
Please see https://chromedriver.chromium.org/security-considerations for suggestions on keeping ChromeDriver safe.
ChromeDriver was started successfully.
Dec 22, 2021 6:44:56 PM org.openqa.selenium.remote.ProtocolHandshake createSession
INFO: Detected dialect: W3C
Dec 22, 2021 6:44:57 PM org.openqa.selenium.devtools.CdpVersionFinder findNearestMatch
INFO: Found exact CDP implementation for version 96
]]></system-err>
  </testcase>
  <testcase name="runScenario[&quot;User Performs the Registration&quot;, &quot;Optional[Booking tickets through FlyAway]&quot;](2)" classname="com.runner.TestRunner" time="15.028">
    <system-out><![CDATA[user has opened login page
user opts to register
user enters details required
]]></system-out>
  </testcase>
  <testcase name="runScenario[&quot;User books the flight&quot;, &quot;Optional[Booking tickets through FlyAway]&quot;](3)" classname="com.runner.TestRunner" time="0.012">
    <system-out><![CDATA[user clicks on the book flight
user is on payment page clicks on complete booking
user is able to see the booked flights
]]></system-out>
  </testcase>
</testsuite>