<?xml version="1.0" encoding="UTF-8"?>
<testng-results ignored="0" total="3" passed="3" failed="0" skipped="0">
  <reporter-output>
  </reporter-output>
  <suite started-at="2021-12-22T18:44:51 IST" name="Suite" finished-at="2021-12-22T18:45:21 IST" duration-ms="30293">
    <groups>
      <group name="cucumber">
        <method signature="AbstractTestNGCucumberTests.runScenario(io.cucumber.testng.PickleWrapper,io.cucumber.testng.FeatureWrapper)[pri:0, instance:com.runner.TestRunner@2fb3536e]" name="runScenario" class="io.cucumber.testng.AbstractTestNGCucumberTests"/>
      </group> <!-- cucumber -->
    </groups>
    <test started-at="2021-12-22T18:44:51 IST" name="Testng" finished-at="2021-12-22T18:45:21 IST" duration-ms="30293">
      <class name="com.runner.TestRunner">
        <test-method is-config="true" signature="setUpClass(org.testng.ITestContext)[pri:0, instance:com.runner.TestRunner@2fb3536e]" started-at="2021-12-22T18:44:51 IST" name="setUpClass" finished-at="2021-12-22T18:44:51 IST" duration-ms="521" status="PASS">
          <params>
            <param index="0">
              <value>
                <![CDATA[org.testng.TestRunner@a9f023e]]>
              </value>
            </param>
          </params>
          <reporter-output>
          </reporter-output>
        </test-method> <!-- setUpClass -->
        <test-method signature="runScenario(io.cucumber.testng.PickleWrapper,io.cucumber.testng.FeatureWrapper)[pri:0, instance:com.runner.TestRunner@2fb3536e]" started-at="2021-12-22T18:44:51 IST" name="runScenario" description="Runs Cucumber Scenarios" data-provider="scenarios" finished-at="2021-12-22T18:45:06 IST" duration-ms="14637" status="PASS">
          <params>
            <param index="0">
              <value>
                <![CDATA["Navigate home page"]]>
              </value>
            </param>
            <param index="1">
              <value>
                <![CDATA["Optional[Booking tickets through FlyAway]"]]>
              </value>
            </param>
          </params>
          <reporter-output>
          </reporter-output>
        </test-method> <!-- runScenario -->
        <test-method signature="runScenario(io.cucumber.testng.PickleWrapper,io.cucumber.testng.FeatureWrapper)[pri:0, instance:com.runner.TestRunner@2fb3536e]" started-at="2021-12-22T18:45:06 IST" name="runScenario" description="Runs Cucumber Scenarios" data-provider="scenarios" finished-at="2021-12-22T18:45:21 IST" duration-ms="15044" status="PASS">
          <params>
            <param index="0">
              <value>
                <![CDATA["User Performs the Registration"]]>
              </value>
            </param>
            <param index="1">
              <value>
                <![CDATA["Optional[Booking tickets through FlyAway]"]]>
              </value>
            </param>
          </params>
          <reporter-output>
          </reporter-output>
        </test-method> <!-- runScenario -->
        <test-method signature="runScenario(io.cucumber.testng.PickleWrapper,io.cucumber.testng.FeatureWrapper)[pri:0, instance:com.runner.TestRunner@2fb3536e]" started-at="2021-12-22T18:45:21 IST" name="runScenario" description="Runs Cucumber Scenarios" data-provider="scenarios" finished-at="2021-12-22T18:45:21 IST" duration-ms="9" status="PASS">
          <params>
            <param index="0">
              <value>
                <![CDATA["User books the flight"]]>
              </value>
            </param>
            <param index="1">
              <value>
                <![CDATA["Optional[Booking tickets through FlyAway]"]]>
              </value>
            </param>
          </params>
          <reporter-output>
          </reporter-output>
        </test-method> <!-- runScenario -->
        <test-method is-config="true" signature="tearDownClass()[pri:0, instance:com.runner.TestRunner@2fb3536e]" started-at="2021-12-22T18:45:21 IST" name="tearDownClass" finished-at="2021-12-22T18:45:21 IST" duration-ms="11" status="PASS">
          <reporter-output>
          </reporter-output>
        </test-method> <!-- tearDownClass -->
      </class> <!-- com.runner.TestRunner -->
    </test> <!-- Testng -->
  </suite> <!-- Suite -->
</testng-results>
